<?xml version="1.0" encoding="UTF-8"?>
<testng-results skipped="0" failed="0" ignored="0" total="1" passed="1">
  <reporter-output>
  </reporter-output>
  <suite name="Github_Search" duration-ms="33972" started-at="2020-08-02T00:17:07 IST" finished-at="2020-08-02T00:17:41 IST">
    <groups>
    </groups>
    <test name="appiumTest" duration-ms="33972" started-at="2020-08-02T00:17:07 IST" finished-at="2020-08-02T00:17:41 IST">
      <class name="com.github.testCases.TC_GitHubSearch_001">
        <test-method status="PASS" signature="setDesiredCapabilities(java.lang.String)[pri:0, instance:com.github.testCases.TC_GitHubSearch_001@5876a9af]" name="setDesiredCapabilities" is-config="true" duration-ms="19919" started-at="2020-08-02T00:17:08 IST" finished-at="2020-08-02T00:17:27 IST">
          <params>
            <param index="0">
              <value>
                <![CDATA[android]]>
              </value>
            </param>
          </params>
          <reporter-output>
          </reporter-output>
        </test-method> <!-- setDesiredCapabilities -->
        <test-method status="PASS" signature="verifyGithubSearchRepo(java.lang.String, java.lang.String)[pri:0, instance:com.github.testCases.TC_GitHubSearch_001@5876a9af]" name="verifyGithubSearchRepo" duration-ms="10986" started-at="2020-08-02T00:17:29 IST" data-provider="SearchRepoData" finished-at="2020-08-02T00:17:40 IST">
          <params>
            <param index="0">
              <value>
                <![CDATA[Appium Test]]>
              </value>
            </param>
            <param index="1">
              <value>
                <![CDATA[1]]>
              </value>
            </param>
          </params>
          <reporter-output>
          </reporter-output>
        </test-method> <!-- verifyGithubSearchRepo -->
        <test-method status="PASS" signature="tearDown()[pri:0, instance:com.github.testCases.TC_GitHubSearch_001@5876a9af]" name="tearDown" is-config="true" duration-ms="1676" started-at="2020-08-02T00:17:40 IST" finished-at="2020-08-02T00:17:41 IST">
          <reporter-output>
          </reporter-output>
        </test-method> <!-- tearDown -->
      </class> <!-- com.github.testCases.TC_GitHubSearch_001 -->
    </test> <!-- appiumTest -->
  </suite> <!-- Github_Search -->
</testng-results>
