<?xml version="1.0" encoding="UTF-8"?>
<testng-results skipped="0" failed="0" ignored="0" total="1" passed="1">
  <reporter-output>
  </reporter-output>
  <suite name="Github_Search" duration-ms="29703" started-at="2020-08-01T23:12:11 IST" finished-at="2020-08-01T23:12:40 IST">
    <groups>
    </groups>
    <test name="appiumTest" duration-ms="29703" started-at="2020-08-01T23:12:11 IST" finished-at="2020-08-01T23:12:40 IST">
      <class name="com.github.testCases.TC_GitHubSearch_001">
        <test-method status="PASS" signature="setDesiredCapabilities(java.lang.String)[pri:0, instance:com.github.testCases.TC_GitHubSearch_001@4cc451f2]" name="setDesiredCapabilities" is-config="true" duration-ms="16807" started-at="2020-08-01T23:12:11 IST" finished-at="2020-08-01T23:12:28 IST">
          <params>
            <param index="0">
              <value>
                <![CDATA[android]]>
              </value>
            </param>
          </params>
          <reporter-output>
          </reporter-output>
        </test-method> <!-- setDesiredCapabilities -->
        <test-method status="PASS" signature="verifyGithubSearchRepo()[pri:0, instance:com.github.testCases.TC_GitHubSearch_001@4cc451f2]" name="verifyGithubSearchRepo" duration-ms="11301" started-at="2020-08-01T23:12:28 IST" finished-at="2020-08-01T23:12:39 IST">
          <reporter-output>
          </reporter-output>
        </test-method> <!-- verifyGithubSearchRepo -->
        <test-method status="PASS" signature="tearDown()[pri:0, instance:com.github.testCases.TC_GitHubSearch_001@4cc451f2]" name="tearDown" is-config="true" duration-ms="1422" started-at="2020-08-01T23:12:39 IST" finished-at="2020-08-01T23:12:40 IST">
          <reporter-output>
          </reporter-output>
        </test-method> <!-- tearDown -->
      </class> <!-- com.github.testCases.TC_GitHubSearch_001 -->
    </test> <!-- appiumTest -->
  </suite> <!-- Github_Search -->
</testng-results>
